<?xml version="1.0" encoding="UTF-8"?>
<testsuites tests="3" failures="0" errors="0" skipped="0">
  <testsuite name="Angular Strangerlist Challenge Suite" timestamp="2026-04-02T02:59:58" time="13.947" tests="3" failures="0" errors="0" skipped="0">
    <properties>
      <property name="specId" value="0"/>
      <property name="suiteName" value="Angular Strangerlist: Challenge Suite"/>
      <property name="capabilities" value="chrome.146_0_7680_177.linux"/>
      <property name="file" value="file://./test/specs/challenge.e2e.js"/>
    </properties>
    <testcase classname="chrome.146_0_7680_177.linux.Angular_Strangerlist:_Challenge_Suite" name="TC 01 Create item with image and text" time="4.539">
      <system-out><![CDATA[
COMMAND: POST /session/b144be3571de4428334d798096c20083/url - {"url":"http://immense-hollows-74271.herokuapp.com/"}
RESULT: {"url":"http://immense-hollows-74271.herokuapp.com/"}
COMMAND: POST /session/b144be3571de4428334d798096c20083/element - {"using":"css selector","value":"h1.ng-binding"}
RESULT: {"using":"css selector","value":"h1.ng-binding"}
COMMAND: POST /session/b144be3571de4428334d798096c20083/element - {"using":"css selector","value":"h1.ng-binding"}
RESULT: {"using":"css selector","value":"h1.ng-binding"}
COMMAND: POST /session/b144be3571de4428334d798096c20083/element - {"using":"css selector","value":"h1.ng-binding"}
RESULT: {"using":"css selector","value":"h1.ng-binding"}
COMMAND: POST /session/b144be3571de4428334d798096c20083/execute/sync - {"script":"<script> [21 bytes]","args":[{"element-6066-11e4-a52e-4f735466cecf":"f.24156A78B81B4A8D173B49A4F441C422.d.3C4C0026A2A020F8F1EE69658DD535C6.e.26","ELEMENT":"f.24156A78B81B4A8D173B49A4F441C422.d.3C4C0026A2A020F8F1EE69658DD535C6.e.26"}]}
RESULT: {"script":"<script> [21 bytes]","args":[{"element-6066-11e4-a52e-4f735466cecf":"f.24156A78B81B4A8D173B49A4F441C422.d.3C4C0026A2A020F8F1EE69658DD535C6.e.26","ELEMENT":"f.24156A78B81B4A8D173B49A4F441C422.d.3C4C0026A2A020F8F1EE69658DD535C6.e.26"}]}
COMMAND: POST /session/b144be3571de4428334d798096c20083/file - {"file":"[base64] 88508 bytes"}
RESULT: {"file":"[base64] 88508 bytes"}
COMMAND: POST /session/b144be3571de4428334d798096c20083/element - {"using":"css selector","value":"#inputImage"}
RESULT: {"using":"css selector","value":"#inputImage"}
COMMAND: POST /session/b144be3571de4428334d798096c20083/element/f.24156A78B81B4A8D173B49A4F441C422.d.3C4C0026A2A020F8F1EE69658DD535C6.e.33/clear - {}
RESULT: {}
COMMAND: POST /session/b144be3571de4428334d798096c20083/element/f.24156A78B81B4A8D173B49A4F441C422.d.3C4C0026A2A020F8F1EE69658DD535C6.e.33/value - {"text":"/tmp/org.chromium.Chromium.scoped_dir.Bm6qOX/uploadldgy7k/test.jpg"}
RESULT: {"text":"/tmp/org.chromium.Chromium.scoped_dir.Bm6qOX/uploadldgy7k/test.jpg"}
COMMAND: POST /session/b144be3571de4428334d798096c20083/element - {"using":"css selector","value":"textarea[name=\"text\"]"}
RESULT: {"using":"css selector","value":"textarea[name=\"text\"]"}
COMMAND: POST /session/b144be3571de4428334d798096c20083/element/f.24156A78B81B4A8D173B49A4F441C422.d.3C4C0026A2A020F8F1EE69658DD535C6.e.11/clear - {}
RESULT: {}
COMMAND: POST /session/b144be3571de4428334d798096c20083/element/f.24156A78B81B4A8D173B49A4F441C422.d.3C4C0026A2A020F8F1EE69658DD535C6.e.11/value - {"text":"User Story 1775098797240"}
RESULT: {"text":"User Story 1775098797240"}
COMMAND: POST /session/b144be3571de4428334d798096c20083/element - {"using":"xpath","value":".//button[normalize-space(text()) = \"Create Item\"] | .//button[not(.//button[normalize-space(text()) = \"Create Item\"]) and normalize-space() = \"Create Item\"]"}
RESULT: {"using":"xpath","value":".//button[normalize-space(text()) = \"Create Item\"] | .//button[not(.//button[normalize-space(text()) = \"Create Item\"]) and normalize-space() = \"Create Item\"]"}
COMMAND: POST /session/b144be3571de4428334d798096c20083/element/f.24156A78B81B4A8D173B49A4F441C422.d.3C4C0026A2A020F8F1EE69658DD535C6.e.7/click - {}
RESULT: {}
COMMAND: POST /session/b144be3571de4428334d798096c20083/element - {"using":"xpath","value":"//p[text()=\"User Story 1775098797240\"]"}
RESULT: {"using":"xpath","value":"//p[text()=\"User Story 1775098797240\"]"}
COMMAND: POST /session/b144be3571de4428334d798096c20083/element - {"using":"xpath","value":"//p[text()=\"User Story 1775098797240\"]"}
RESULT: {"using":"xpath","value":"//p[text()=\"User Story 1775098797240\"]"}
COMMAND: POST /session/b144be3571de4428334d798096c20083/element - {"using":"xpath","value":"//p[text()=\"User Story 1775098797240\"]"}
RESULT: {"using":"xpath","value":"//p[text()=\"User Story 1775098797240\"]"}
COMMAND: POST /session/b144be3571de4428334d798096c20083/element - {"using":"xpath","value":"//p[text()=\"User Story 1775098797240\"]"}
RESULT: {"using":"xpath","value":"//p[text()=\"User Story 1775098797240\"]"}
COMMAND: POST /session/b144be3571de4428334d798096c20083/element - {"using":"xpath","value":"//p[text()=\"User Story 1775098797240\"]"}
RESULT: {"using":"xpath","value":"//p[text()=\"User Story 1775098797240\"]"}
COMMAND: POST /session/b144be3571de4428334d798096c20083/execute/sync - {"script":"<script> [21 bytes]","args":[{"element-6066-11e4-a52e-4f735466cecf":"f.24156A78B81B4A8D173B49A4F441C422.d.3C4C0026A2A020F8F1EE69658DD535C6.e.58","ELEMENT":"f.24156A78B81B4A8D173B49A4F441C422.d.3C4C0026A2A020F8F1EE69658DD535C6.e.58"}]}
RESULT: {"script":"<script> [21 bytes]","args":[{"element-6066-11e4-a52e-4f735466cecf":"f.24156A78B81B4A8D173B49A4F441C422.d.3C4C0026A2A020F8F1EE69658DD535C6.e.58","ELEMENT":"f.24156A78B81B4A8D173B49A4F441C422.d.3C4C0026A2A020F8F1EE69658DD535C6.e.58"}]}
COMMAND: POST /session/b144be3571de4428334d798096c20083/element - {"using":"xpath","value":"//p[text()=\"User Story 1775098797240\"]/ancestor::li"}
RESULT: {"using":"xpath","value":"//p[text()=\"User Story 1775098797240\"]/ancestor::li"}
COMMAND: POST /session/b144be3571de4428334d798096c20083/element/f.24156A78B81B4A8D173B49A4F441C422.d.3C4C0026A2A020F8F1EE69658DD535C6.e.59/element - {"using":"css selector","value":"img"}
RESULT: {"using":"css selector","value":"img"}
COMMAND: POST /session/b144be3571de4428334d798096c20083/execute/sync - {"script":"<script> [21 bytes]","args":[{"element-6066-11e4-a52e-4f735466cecf":"f.24156A78B81B4A8D173B49A4F441C422.d.3C4C0026A2A020F8F1EE69658DD535C6.e.59","ELEMENT":"f.24156A78B81B4A8D173B49A4F441C422.d.3C4C0026A2A020F8F1EE69658DD535C6.e.59"}]}
RESULT: {"script":"<script> [21 bytes]","args":[{"element-6066-11e4-a52e-4f735466cecf":"f.24156A78B81B4A8D173B49A4F441C422.d.3C4C0026A2A020F8F1EE69658DD535C6.e.59","ELEMENT":"f.24156A78B81B4A8D173B49A4F441C422.d.3C4C0026A2A020F8F1EE69658DD535C6.e.59"}]}
COMMAND: GET /session/b144be3571de4428334d798096c20083/element/f.24156A78B81B4A8D173B49A4F441C422.d.3C4C0026A2A020F8F1EE69658DD535C6.e.55/attribute/src - {}
RESULT: {}
]]></system-out>
    </testcase>
    <testcase classname="chrome.146_0_7680_177.linux.Angular_Strangerlist:_Challenge_Suite" name="TC 02 Edit another existing item" time="6.856">
      <system-out><![CDATA[
COMMAND: POST /session/b144be3571de4428334d798096c20083/url - {"url":"http://immense-hollows-74271.herokuapp.com/"}
RESULT: {"url":"http://immense-hollows-74271.herokuapp.com/"}
COMMAND: POST /session/b144be3571de4428334d798096c20083/element - {"using":"css selector","value":"h1.ng-binding"}
RESULT: {"using":"css selector","value":"h1.ng-binding"}
COMMAND: POST /session/b144be3571de4428334d798096c20083/element - {"using":"css selector","value":"h1.ng-binding"}
RESULT: {"using":"css selector","value":"h1.ng-binding"}
COMMAND: POST /session/b144be3571de4428334d798096c20083/element - {"using":"css selector","value":"h1.ng-binding"}
RESULT: {"using":"css selector","value":"h1.ng-binding"}
COMMAND: POST /session/b144be3571de4428334d798096c20083/execute/sync - {"script":"<script> [21 bytes]","args":[{"element-6066-11e4-a52e-4f735466cecf":"f.24156A78B81B4A8D173B49A4F441C422.d.82A30A3C56071A2F24D61CA39DF0EA1C.e.77","ELEMENT":"f.24156A78B81B4A8D173B49A4F441C422.d.82A30A3C56071A2F24D61CA39DF0EA1C.e.77"}]}
RESULT: {"script":"<script> [21 bytes]","args":[{"element-6066-11e4-a52e-4f735466cecf":"f.24156A78B81B4A8D173B49A4F441C422.d.82A30A3C56071A2F24D61CA39DF0EA1C.e.77","ELEMENT":"f.24156A78B81B4A8D173B49A4F441C422.d.82A30A3C56071A2F24D61CA39DF0EA1C.e.77"}]}
COMMAND: POST /session/b144be3571de4428334d798096c20083/element - {"using":"css selector","value":"p.story"}
RESULT: {"using":"css selector","value":"p.story"}
COMMAND: POST /session/b144be3571de4428334d798096c20083/elements - {"using":"css selector","value":"p.story"}
RESULT: {"using":"css selector","value":"p.story"}
COMMAND: POST /session/b144be3571de4428334d798096c20083/elements - {"using":"css selector","value":"p.story"}
RESULT: {"using":"css selector","value":"p.story"}
COMMAND: GET /session/b144be3571de4428334d798096c20083/element/f.24156A78B81B4A8D173B49A4F441C422.d.82A30A3C56071A2F24D61CA39DF0EA1C.e.85/text - {}
RESULT: {}
COMMAND: POST /session/b144be3571de4428334d798096c20083/element - {"using":"xpath","value":"//p[text()=\"Updated Story 1775097955909\"]/ancestor::li"}
RESULT: {"using":"xpath","value":"//p[text()=\"Updated Story 1775097955909\"]/ancestor::li"}
COMMAND: GET /session/b144be3571de4428334d798096c20083/element/f.24156A78B81B4A8D173B49A4F441C422.d.82A30A3C56071A2F24D61CA39DF0EA1C.e.101/rect - {}
RESULT: {}
COMMAND: GET /session/b144be3571de4428334d798096c20083/window/rect - {}
RESULT: {}
COMMAND: POST /session/b144be3571de4428334d798096c20083/execute/sync - {"script":"<script> [19 bytes]","args":[]}
RESULT: {"script":"<script> [19 bytes]","args":[]}
COMMAND: POST /session/b144be3571de4428334d798096c20083/actions - {"actions":[{"id":"action1","type":"wheel","parameters":{},"actions":[{"type":"scroll","x":-1374,"y":-245,"deltaX":0,"deltaY":0,"duration":0,"origin":{"element-6066-11e4-a52e-4f735466cecf":"f.24156A78B81B4A8D173B49A4F441C422.d.82A30A3C56071A2F24D61CA39DF0EA1C.e.101"}}]}]}
RESULT: {"actions":[{"id":"action1","type":"wheel","parameters":{},"actions":[{"type":"scroll","x":-1374,"y":-245,"deltaX":0,"deltaY":0,"duration":0,"origin":{"element-6066-11e4-a52e-4f735466cecf":"f.24156A78B81B4A8D173B49A4F441C422.d.82A30A3C56071A2F24D61CA39DF0EA1C.e.101"}}]}]}
COMMAND: POST /session/b144be3571de4428334d798096c20083/execute/sync - {"script":"<script> [19 bytes]","args":[{"element-6066-11e4-a52e-4f735466cecf":"f.24156A78B81B4A8D173B49A4F441C422.d.82A30A3C56071A2F24D61CA39DF0EA1C.e.101","ELEMENT":"f.24156A78B81B4A8D173B49A4F441C422.d.82A30A3C56071A2F24D61CA39DF0EA1C.e.101"},{"block":"start","inline":"nearest"}]}
RESULT: {"script":"<script> [19 bytes]","args":[{"element-6066-11e4-a52e-4f735466cecf":"f.24156A78B81B4A8D173B49A4F441C422.d.82A30A3C56071A2F24D61CA39DF0EA1C.e.101","ELEMENT":"f.24156A78B81B4A8D173B49A4F441C422.d.82A30A3C56071A2F24D61CA39DF0EA1C.e.101"},{"block":"start","inline":"nearest"}]}
COMMAND: POST /session/b144be3571de4428334d798096c20083/element/f.24156A78B81B4A8D173B49A4F441C422.d.82A30A3C56071A2F24D61CA39DF0EA1C.e.101/element - {"using":"xpath","value":".//button[normalize-space(text()) = \"Edit\"] | .//button[not(.//button[normalize-space(text()) = \"Edit\"]) and normalize-space() = \"Edit\"]"}
RESULT: {"using":"xpath","value":".//button[normalize-space(text()) = \"Edit\"] | .//button[not(.//button[normalize-space(text()) = \"Edit\"]) and normalize-space() = \"Edit\"]"}
COMMAND: POST /session/b144be3571de4428334d798096c20083/element/f.24156A78B81B4A8D173B49A4F441C422.d.82A30A3C56071A2F24D61CA39DF0EA1C.e.105/click - {}
RESULT: {}
COMMAND: POST /session/b144be3571de4428334d798096c20083/execute/sync - {"script":"<script> [19 bytes]","args":[{"element-6066-11e4-a52e-4f735466cecf":"f.24156A78B81B4A8D173B49A4F441C422.d.82A30A3C56071A2F24D61CA39DF0EA1C.e.105","ELEMENT":"f.24156A78B81B4A8D173B49A4F441C422.d.82A30A3C56071A2F24D61CA39DF0EA1C.e.105"}]}
RESULT: {"script":"<script> [19 bytes]","args":[{"element-6066-11e4-a52e-4f735466cecf":"f.24156A78B81B4A8D173B49A4F441C422.d.82A30A3C56071A2F24D61CA39DF0EA1C.e.105","ELEMENT":"f.24156A78B81B4A8D173B49A4F441C422.d.82A30A3C56071A2F24D61CA39DF0EA1C.e.105"}]}
COMMAND: POST /session/b144be3571de4428334d798096c20083/element - {"using":"css selector","value":"textarea[name=\"text\"]"}
RESULT: {"using":"css selector","value":"textarea[name=\"text\"]"}
COMMAND: POST /session/b144be3571de4428334d798096c20083/element/f.24156A78B81B4A8D173B49A4F441C422.d.82A30A3C56071A2F24D61CA39DF0EA1C.e.66/clear - {}
RESULT: {}
COMMAND: POST /session/b144be3571de4428334d798096c20083/element/f.24156A78B81B4A8D173B49A4F441C422.d.82A30A3C56071A2F24D61CA39DF0EA1C.e.66/value - {"text":"Updated Story 1775098797240"}
RESULT: {"text":"Updated Story 1775098797240"}
COMMAND: POST /session/b144be3571de4428334d798096c20083/element - {"using":"xpath","value":".//button[normalize-space(text()) = \"Update Item\"] | .//button[not(.//button[normalize-space(text()) = \"Update Item\"]) and normalize-space() = \"Update Item\"]"}
RESULT: {"using":"xpath","value":".//button[normalize-space(text()) = \"Update Item\"] | .//button[not(.//button[normalize-space(text()) = \"Update Item\"]) and normalize-space() = \"Update Item\"]"}
COMMAND: POST /session/b144be3571de4428334d798096c20083/element/f.24156A78B81B4A8D173B49A4F441C422.d.82A30A3C56071A2F24D61CA39DF0EA1C.e.114/click - {}
RESULT: {}
COMMAND: POST /session/b144be3571de4428334d798096c20083/element - {"using":"xpath","value":".//button[normalize-space(text()) = \"Update Item\"] | .//button[not(.//button[normalize-space(text()) = \"Update Item\"]) and normalize-space() = \"Update Item\"]"}
RESULT: {"using":"xpath","value":".//button[normalize-space(text()) = \"Update Item\"] | .//button[not(.//button[normalize-space(text()) = \"Update Item\"]) and normalize-space() = \"Update Item\"]"}
COMMAND: POST /session/b144be3571de4428334d798096c20083/element - {"using":"xpath","value":".//button[normalize-space(text()) = \"Update Item\"] | .//button[not(.//button[normalize-space(text()) = \"Update Item\"]) and normalize-space() = \"Update Item\"]"}
RESULT: {"using":"xpath","value":".//button[normalize-space(text()) = \"Update Item\"] | .//button[not(.//button[normalize-space(text()) = \"Update Item\"]) and normalize-space() = \"Update Item\"]"}
COMMAND: POST /session/b144be3571de4428334d798096c20083/element - {"using":"xpath","value":"//p[text()=\"Updated Story 1775098797240\"]"}
RESULT: {"using":"xpath","value":"//p[text()=\"Updated Story 1775098797240\"]"}
COMMAND: POST /session/b144be3571de4428334d798096c20083/execute/sync - {"script":"<script> [21 bytes]","args":[{"element-6066-11e4-a52e-4f735466cecf":"f.24156A78B81B4A8D173B49A4F441C422.d.82A30A3C56071A2F24D61CA39DF0EA1C.e.85","ELEMENT":"f.24156A78B81B4A8D173B49A4F441C422.d.82A30A3C56071A2F24D61CA39DF0EA1C.e.85"}]}
RESULT: {"script":"<script> [21 bytes]","args":[{"element-6066-11e4-a52e-4f735466cecf":"f.24156A78B81B4A8D173B49A4F441C422.d.82A30A3C56071A2F24D61CA39DF0EA1C.e.85","ELEMENT":"f.24156A78B81B4A8D173B49A4F441C422.d.82A30A3C56071A2F24D61CA39DF0EA1C.e.85"}]}
COMMAND: POST /session/b144be3571de4428334d798096c20083/element - {"using":"xpath","value":"//p[text()=\"Updated Story 1775097955909\"]"}
RESULT: {"using":"xpath","value":"//p[text()=\"Updated Story 1775097955909\"]"}
COMMAND: POST /session/b144be3571de4428334d798096c20083/element - {"using":"xpath","value":"//p[text()=\"Updated Story 1775097955909\"]"}
RESULT: {"using":"xpath","value":"//p[text()=\"Updated Story 1775097955909\"]"}
]]></system-out>
    </testcase>
    <testcase classname="chrome.146_0_7680_177.linux.Angular_Strangerlist:_Challenge_Suite" name="TC 03 Delete the item created" time="2.549">
      <system-out><![CDATA[
COMMAND: POST /session/b144be3571de4428334d798096c20083/url - {"url":"http://immense-hollows-74271.herokuapp.com/"}
RESULT: {"url":"http://immense-hollows-74271.herokuapp.com/"}
COMMAND: POST /session/b144be3571de4428334d798096c20083/element - {"using":"css selector","value":"h1.ng-binding"}
RESULT: {"using":"css selector","value":"h1.ng-binding"}
COMMAND: POST /session/b144be3571de4428334d798096c20083/element - {"using":"css selector","value":"h1.ng-binding"}
RESULT: {"using":"css selector","value":"h1.ng-binding"}
COMMAND: POST /session/b144be3571de4428334d798096c20083/element - {"using":"css selector","value":"h1.ng-binding"}
RESULT: {"using":"css selector","value":"h1.ng-binding"}
COMMAND: POST /session/b144be3571de4428334d798096c20083/execute/sync - {"script":"<script> [21 bytes]","args":[{"element-6066-11e4-a52e-4f735466cecf":"f.24156A78B81B4A8D173B49A4F441C422.d.5A95507784BA382CA29454C59DE0CE9D.e.159","ELEMENT":"f.24156A78B81B4A8D173B49A4F441C422.d.5A95507784BA382CA29454C59DE0CE9D.e.159"}]}
RESULT: {"script":"<script> [21 bytes]","args":[{"element-6066-11e4-a52e-4f735466cecf":"f.24156A78B81B4A8D173B49A4F441C422.d.5A95507784BA382CA29454C59DE0CE9D.e.159","ELEMENT":"f.24156A78B81B4A8D173B49A4F441C422.d.5A95507784BA382CA29454C59DE0CE9D.e.159"}]}
COMMAND: POST /session/b144be3571de4428334d798096c20083/element - {"using":"xpath","value":"//p[text()=\"User Story 1775098797240\"]"}
RESULT: {"using":"xpath","value":"//p[text()=\"User Story 1775098797240\"]"}
COMMAND: POST /session/b144be3571de4428334d798096c20083/execute/sync - {"script":"<script> [21 bytes]","args":[{"element-6066-11e4-a52e-4f735466cecf":"f.24156A78B81B4A8D173B49A4F441C422.d.5A95507784BA382CA29454C59DE0CE9D.e.160","ELEMENT":"f.24156A78B81B4A8D173B49A4F441C422.d.5A95507784BA382CA29454C59DE0CE9D.e.160"}]}
RESULT: {"script":"<script> [21 bytes]","args":[{"element-6066-11e4-a52e-4f735466cecf":"f.24156A78B81B4A8D173B49A4F441C422.d.5A95507784BA382CA29454C59DE0CE9D.e.160","ELEMENT":"f.24156A78B81B4A8D173B49A4F441C422.d.5A95507784BA382CA29454C59DE0CE9D.e.160"}]}
COMMAND: POST /session/b144be3571de4428334d798096c20083/element - {"using":"xpath","value":"//p[text()=\"User Story 1775098797240\"]/ancestor::li"}
RESULT: {"using":"xpath","value":"//p[text()=\"User Story 1775098797240\"]/ancestor::li"}
COMMAND: GET /session/b144be3571de4428334d798096c20083/element/f.24156A78B81B4A8D173B49A4F441C422.d.5A95507784BA382CA29454C59DE0CE9D.e.161/rect - {}
RESULT: {}
COMMAND: GET /session/b144be3571de4428334d798096c20083/window/rect - {}
RESULT: {}
COMMAND: POST /session/b144be3571de4428334d798096c20083/execute/sync - {"script":"<script> [19 bytes]","args":[]}
RESULT: {"script":"<script> [19 bytes]","args":[]}
COMMAND: POST /session/b144be3571de4428334d798096c20083/actions - {"actions":[{"id":"action2","type":"wheel","parameters":{},"actions":[{"type":"scroll","x":-1374,"y":2829,"deltaX":0,"deltaY":0,"duration":0,"origin":{"element-6066-11e4-a52e-4f735466cecf":"f.24156A78B81B4A8D173B49A4F441C422.d.5A95507784BA382CA29454C59DE0CE9D.e.161"}}]}]}
RESULT: {"actions":[{"id":"action2","type":"wheel","parameters":{},"actions":[{"type":"scroll","x":-1374,"y":2829,"deltaX":0,"deltaY":0,"duration":0,"origin":{"element-6066-11e4-a52e-4f735466cecf":"f.24156A78B81B4A8D173B49A4F441C422.d.5A95507784BA382CA29454C59DE0CE9D.e.161"}}]}]}
COMMAND: POST /session/b144be3571de4428334d798096c20083/execute/sync - {"script":"<script> [19 bytes]","args":[{"element-6066-11e4-a52e-4f735466cecf":"f.24156A78B81B4A8D173B49A4F441C422.d.5A95507784BA382CA29454C59DE0CE9D.e.161","ELEMENT":"f.24156A78B81B4A8D173B49A4F441C422.d.5A95507784BA382CA29454C59DE0CE9D.e.161"},{"block":"start","inline":"nearest"}]}
RESULT: {"script":"<script> [19 bytes]","args":[{"element-6066-11e4-a52e-4f735466cecf":"f.24156A78B81B4A8D173B49A4F441C422.d.5A95507784BA382CA29454C59DE0CE9D.e.161","ELEMENT":"f.24156A78B81B4A8D173B49A4F441C422.d.5A95507784BA382CA29454C59DE0CE9D.e.161"},{"block":"start","inline":"nearest"}]}
COMMAND: POST /session/b144be3571de4428334d798096c20083/element/f.24156A78B81B4A8D173B49A4F441C422.d.5A95507784BA382CA29454C59DE0CE9D.e.161/element - {"using":"xpath","value":".//button[normalize-space(text()) = \"Delete\"] | .//button[not(.//button[normalize-space(text()) = \"Delete\"]) and normalize-space() = \"Delete\"]"}
RESULT: {"using":"xpath","value":".//button[normalize-space(text()) = \"Delete\"] | .//button[not(.//button[normalize-space(text()) = \"Delete\"]) and normalize-space() = \"Delete\"]"}
COMMAND: POST /session/b144be3571de4428334d798096c20083/execute/sync - {"script":"<script> [21 bytes]","args":[{"element-6066-11e4-a52e-4f735466cecf":"f.24156A78B81B4A8D173B49A4F441C422.d.5A95507784BA382CA29454C59DE0CE9D.e.168","ELEMENT":"f.24156A78B81B4A8D173B49A4F441C422.d.5A95507784BA382CA29454C59DE0CE9D.e.168"}]}
RESULT: {"script":"<script> [21 bytes]","args":[{"element-6066-11e4-a52e-4f735466cecf":"f.24156A78B81B4A8D173B49A4F441C422.d.5A95507784BA382CA29454C59DE0CE9D.e.168","ELEMENT":"f.24156A78B81B4A8D173B49A4F441C422.d.5A95507784BA382CA29454C59DE0CE9D.e.168"}]}
COMMAND: POST /session/b144be3571de4428334d798096c20083/execute/sync - {"script":"<script> [21 bytes]","args":[{"element-6066-11e4-a52e-4f735466cecf":"f.24156A78B81B4A8D173B49A4F441C422.d.5A95507784BA382CA29454C59DE0CE9D.e.168","ELEMENT":"f.24156A78B81B4A8D173B49A4F441C422.d.5A95507784BA382CA29454C59DE0CE9D.e.168"}]}
RESULT: {"script":"<script> [21 bytes]","args":[{"element-6066-11e4-a52e-4f735466cecf":"f.24156A78B81B4A8D173B49A4F441C422.d.5A95507784BA382CA29454C59DE0CE9D.e.168","ELEMENT":"f.24156A78B81B4A8D173B49A4F441C422.d.5A95507784BA382CA29454C59DE0CE9D.e.168"}]}
COMMAND: POST /session/b144be3571de4428334d798096c20083/element/f.24156A78B81B4A8D173B49A4F441C422.d.5A95507784BA382CA29454C59DE0CE9D.e.168/click - {}
RESULT: {}
COMMAND: POST /session/b144be3571de4428334d798096c20083/element - {"using":"css selector","value":".modal-content"}
RESULT: {"using":"css selector","value":".modal-content"}
COMMAND: POST /session/b144be3571de4428334d798096c20083/execute/sync - {"script":"<script> [21 bytes]","args":[{"element-6066-11e4-a52e-4f735466cecf":"f.24156A78B81B4A8D173B49A4F441C422.d.5A95507784BA382CA29454C59DE0CE9D.e.185","ELEMENT":"f.24156A78B81B4A8D173B49A4F441C422.d.5A95507784BA382CA29454C59DE0CE9D.e.185"}]}
RESULT: {"script":"<script> [21 bytes]","args":[{"element-6066-11e4-a52e-4f735466cecf":"f.24156A78B81B4A8D173B49A4F441C422.d.5A95507784BA382CA29454C59DE0CE9D.e.185","ELEMENT":"f.24156A78B81B4A8D173B49A4F441C422.d.5A95507784BA382CA29454C59DE0CE9D.e.185"}]}
COMMAND: POST /session/b144be3571de4428334d798096c20083/element - {"using":"xpath","value":".//button[normalize-space(text()) = \"Yes, delete it!\"] | .//button[not(.//button[normalize-space(text()) = \"Yes, delete it!\"]) and normalize-space() = \"Yes, delete it!\"]"}
RESULT: {"using":"xpath","value":".//button[normalize-space(text()) = \"Yes, delete it!\"] | .//button[not(.//button[normalize-space(text()) = \"Yes, delete it!\"]) and normalize-space() = \"Yes, delete it!\"]"}
COMMAND: POST /session/b144be3571de4428334d798096c20083/element/f.24156A78B81B4A8D173B49A4F441C422.d.5A95507784BA382CA29454C59DE0CE9D.e.186/click - {}
RESULT: {}
COMMAND: POST /session/b144be3571de4428334d798096c20083/element - {"using":"xpath","value":"//p[text()=\"User Story 1775098797240\"]"}
RESULT: {"using":"xpath","value":"//p[text()=\"User Story 1775098797240\"]"}
COMMAND: POST /session/b144be3571de4428334d798096c20083/elements - {"using":"xpath","value":"//p[text()=\"User Story 1775098797240\"]"}
RESULT: {"using":"xpath","value":"//p[text()=\"User Story 1775098797240\"]"}
COMMAND: POST /session/b144be3571de4428334d798096c20083/elements - {"using":"xpath","value":"//p[text()=\"User Story 1775098797240\"]"}
RESULT: {"using":"xpath","value":"//p[text()=\"User Story 1775098797240\"]"}
COMMAND: POST /session/b144be3571de4428334d798096c20083/element - {"using":"xpath","value":"//p[text()=\"User Story 1775098797240\"]"}
RESULT: {"using":"xpath","value":"//p[text()=\"User Story 1775098797240\"]"}
COMMAND: POST /session/b144be3571de4428334d798096c20083/element - {"using":"xpath","value":"//p[text()=\"User Story 1775098797240\"]"}
RESULT: {"using":"xpath","value":"//p[text()=\"User Story 1775098797240\"]"}
COMMAND: DELETE /session/b144be3571de4428334d798096c20083 - {}
RESULT: {}
]]></system-out>
    </testcase>
  </testsuite>
</testsuites>